0 info it worked if it ends with ok
1 verbose cli [ 'node',
1 verbose cli   '/usr/local/opt/nvm/versions/node/v0.12.13/bin/npm',
1 verbose cli   'run',
1 verbose cli   'mini' ]
2 info using npm@3.8.9
3 info using node@v0.12.13
4 verbose node symlink /usr/local/opt/nvm/versions/node/v0.12.13/bin/node
5 verbose run-script [ 'premini', 'mini', 'postmini' ]
6 info lifecycle webvr-boilerplate@0.3.8~premini: webvr-boilerplate@0.3.8
7 silly lifecycle webvr-boilerplate@0.3.8~premini: no script for premini, continuing
8 info lifecycle webvr-boilerplate@0.3.8~mini: webvr-boilerplate@0.3.8
9 verbose lifecycle webvr-boilerplate@0.3.8~mini: unsafe-perm in lifecycle true
10 verbose lifecycle webvr-boilerplate@0.3.8~mini: PATH: /usr/local/Cellar/nvm/0.31.0/versions/node/v0.12.13/lib/node_modules/npm/bin/node-gyp-bin:/Users/jake.wood/Documents/Works/jzwood.github.io/Tunnel-VR/node_modules/.bin:/usr/local/opt/nvm/versions/node/v0.12.13/bin:/usr/local/opt/nvm/versions/node/v0.12.13/bin:/Users/jake.wood/.bin/ant:/opt/subversion/bin:/usr/X11/lib:/opt/local/bin:/Users/jake.wood/.ac/shared/bin:/usr/local/bin:/usr/local/sbin:/usr/local/bin:/usr/bin:/bin:/usr/sbin:/sbin
11 verbose lifecycle webvr-boilerplate@0.3.8~mini: CWD: /Users/jake.wood/Documents/Works/jzwood.github.io/Tunnel-VR
12 silly lifecycle webvr-boilerplate@0.3.8~mini: Args: [ '-c',
12 silly lifecycle   'imagemin alone_assets/images/blood imagemin alone_assets/images/blood -p' ]
13 silly lifecycle webvr-boilerplate@0.3.8~mini: Returned: code: 1  signal: null
14 info lifecycle webvr-boilerplate@0.3.8~mini: Failed to exec mini script
15 verbose stack Error: webvr-boilerplate@0.3.8 mini: `imagemin alone_assets/images/blood imagemin alone_assets/images/blood -p`
15 verbose stack Exit status 1
15 verbose stack     at EventEmitter.<anonymous> (/usr/local/Cellar/nvm/0.31.0/versions/node/v0.12.13/lib/node_modules/npm/lib/utils/lifecycle.js:245:16)
15 verbose stack     at EventEmitter.emit (events.js:110:17)
15 verbose stack     at ChildProcess.<anonymous> (/usr/local/Cellar/nvm/0.31.0/versions/node/v0.12.13/lib/node_modules/npm/lib/utils/spawn.js:24:14)
15 verbose stack     at ChildProcess.emit (events.js:110:17)
15 verbose stack     at maybeClose (child_process.js:1019:16)
15 verbose stack     at Process.ChildProcess._handle.onexit (child_process.js:1091:5)
16 verbose pkgid webvr-boilerplate@0.3.8
17 verbose cwd /Users/jake.wood/Documents/Works/jzwood.github.io/Tunnel-VR
18 error Darwin 14.5.0
19 error argv "node" "/usr/local/opt/nvm/versions/node/v0.12.13/bin/npm" "run" "mini"
20 error node v0.12.13
21 error npm  v3.8.9
22 error code ELIFECYCLE
23 error webvr-boilerplate@0.3.8 mini: `imagemin alone_assets/images/blood imagemin alone_assets/images/blood -p`
23 error Exit status 1
24 error Failed at the webvr-boilerplate@0.3.8 mini script 'imagemin alone_assets/images/blood imagemin alone_assets/images/blood -p'.
24 error Make sure you have the latest version of node.js and npm installed.
24 error If you do, this is most likely a problem with the webvr-boilerplate package,
24 error not with npm itself.
24 error Tell the author that this fails on your system:
24 error     imagemin alone_assets/images/blood imagemin alone_assets/images/blood -p
24 error You can get information on how to open an issue for this project with:
24 error     npm bugs webvr-boilerplate
24 error Or if that isn't available, you can get their info via:
24 error     npm owner ls webvr-boilerplate
24 error There is likely additional logging output above.
25 verbose exit [ 1, true ]
